\BOOKMARK [1][-]{section.1}{Introduction}{}% 1
\BOOKMARK [1][-]{section.2}{Recap: The GARCH-Model of Heston and Nandi}{}% 2
\BOOKMARK [1][-]{section.3}{Deep Learning and Calibration Approach by Horvath et al.Blanka}{}% 3
\BOOKMARK [2][-]{subsection.3.1}{Formalisation of the Deep Learning Approach}{section.3}% 4
\BOOKMARK [2][-]{subsection.3.2}{The two step approach - Image-based implicit learning}{section.3}% 5
\BOOKMARK [2][-]{subsection.3.3}{Neural Network architecture}{section.3}% 6
\BOOKMARK [2][-]{subsection.3.4}{Calibration}{section.3}% 7
\BOOKMARK [1][-]{section.4}{Methodology and Model Choice}{}% 8
\BOOKMARK [2][-]{subsection.4.1}{Choice of scenarios}{section.4}% 9
\BOOKMARK [3][-]{subsubsection.4.1.1}{Scenarios based on Maximum Likelihood estimators}{subsection.4.1}% 10
\BOOKMARK [3][-]{subsubsection.4.1.2}{Scenarios based on low relative errors}{subsection.4.1}% 11
\BOOKMARK [3][-]{subsubsection.4.1.3}{Scenarios based on small *}{subsection.4.1}% 12
\BOOKMARK [2][-]{subsection.4.2}{A simple approach on "How to involve real data"}{section.4}% 13
\BOOKMARK [1][-]{section.5}{Results}{}% 14
\BOOKMARK [2][-]{subsection.5.1}{Volatility surfaces}{section.5}% 15
\BOOKMARK [2][-]{subsection.5.2}{Price surfaces}{section.5}% 16
\BOOKMARK [3][-]{subsubsection.5.2.1}{Performance in Comparsion to Black-Scholes}{subsection.5.2}% 17
\BOOKMARK [2][-]{subsection.5.3}{Outlook: "How to involve real data"}{section.5}% 18
\BOOKMARK [2][-]{subsection.5.4}{Robustness}{section.5}% 19
\BOOKMARK [3][-]{subsubsection.5.4.1}{Sensitivity towards mispricing}{subsection.5.4}% 20
\BOOKMARK [3][-]{subsubsection.5.4.2}{Sensitivity towards training set size}{subsection.5.4}% 21
\BOOKMARK [1][-]{section.6}{Challenges and Discussion}{}% 22
\BOOKMARK [1][-]{section.7}{Conclusion}{}% 23
\BOOKMARK [1][-]{appendix.A}{Further Volatility Plots}{}% 24
\BOOKMARK [1][-]{appendix.B}{Further Robustness Test}{}% 25
\BOOKMARK [1][-]{appendix.C}{Black Scholes Comparison}{}% 26
